2024-05-13 13:06:13.835 INFO sim_run - Simulation: Start simulation with benchmark_algo = 1
2024-05-13 13:06:13.836 INFO sim_run - Simulation: Building files ...
2024-05-13 13:06:13.836 INFO sim_run - Simulation: Start computing ...
2024-05-13 13:06:13.839 DEBUG sim_run - Simulation: inner loop iteration:1: tensor(10.2704, dtype=torch.float64)
2024-05-13 13:06:13.839 DEBUG sim_run - Simulation: cost diff: tensor(0., dtype=torch.float64)
2024-05-13 13:06:15.850 DEBUG sim_run - Simulation: outer loop cost: 2: tensor(9.3394, dtype=torch.float64)
2024-05-13 13:06:15.850 DEBUG sim_run - Simulation: outer loop lambda: 2: 3.5378438446215967
2024-05-13 13:06:15.850 DEBUG sim_run - Simulation: avg ng grad: tensor(1011791.4787, dtype=torch.float64)
2024-05-13 13:06:15.851 DEBUG sim_run - Simulation: inner loop iteration:3: tensor(9.6015, dtype=torch.float64)
2024-05-13 13:06:15.851 DEBUG sim_run - Simulation: cost diff: tensor(0., dtype=torch.float64)
2024-05-13 13:06:17.721 DEBUG sim_run - Simulation: outer loop cost: 4: tensor(9.0855, dtype=torch.float64)
2024-05-13 13:06:17.721 DEBUG sim_run - Simulation: outer loop lambda: 4: 3.6761170380678303
2024-05-13 13:06:17.721 DEBUG sim_run - Simulation: avg ng grad: tensor(857317.7645, dtype=torch.float64)
2024-05-13 13:06:17.722 DEBUG sim_run - Simulation: inner loop iteration:5: tensor(9.0989, dtype=torch.float64)
2024-05-13 13:06:17.722 DEBUG sim_run - Simulation: cost diff: tensor(0., dtype=torch.float64)
2024-05-13 13:06:19.389 DEBUG sim_run - Simulation: outer loop cost: 6: tensor(8.7510, dtype=torch.float64)
2024-05-13 13:06:19.389 DEBUG sim_run - Simulation: outer loop lambda: 6: 3.715235080397319
2024-05-13 13:06:19.389 DEBUG sim_run - Simulation: avg ng grad: tensor(757964.7493, dtype=torch.float64)
2024-05-13 13:06:19.390 DEBUG sim_run - Simulation: inner loop iteration:7: tensor(8.7563, dtype=torch.float64)
2024-05-13 13:06:19.390 DEBUG sim_run - Simulation: cost diff: tensor(0., dtype=torch.float64)
2024-05-13 13:06:21.052 DEBUG sim_run - Simulation: outer loop cost: 8: tensor(8.4938, dtype=torch.float64)
2024-05-13 13:06:21.052 DEBUG sim_run - Simulation: outer loop lambda: 8: 3.750054461980283
2024-05-13 13:06:21.052 DEBUG sim_run - Simulation: avg ng grad: tensor(685925.3194, dtype=torch.float64)
2024-05-13 13:06:22.710 DEBUG sim_run - Simulation: outer loop cost: 9: tensor(7.5518, dtype=torch.float64)
2024-05-13 13:06:22.710 DEBUG sim_run - Simulation: outer loop lambda: 9: 3.8426090245779596
2024-05-13 13:06:22.710 DEBUG sim_run - Simulation: avg ng grad: tensor(630348.2495, dtype=torch.float64)
2024-05-13 13:06:22.712 DEBUG sim_run - Simulation: debug cost list: [tensor(8.8165, dtype=torch.float64), tensor(10.2704, dtype=torch.float64), tensor(9.3394, dtype=torch.float64), tensor(9.6015, dtype=torch.float64), tensor(9.0855, dtype=torch.float64), tensor(9.0989, dtype=torch.float64), tensor(8.7510, dtype=torch.float64), tensor(8.7563, dtype=torch.float64), tensor(8.4938, dtype=torch.float64), tensor(7.5518, dtype=torch.float64)]
